[11:46:39] [ServerMain/INFO]: [bootstrap] Running Java 21 (OpenJDK 64-Bit Server VM 21.0.12+2-nixos; N/A null) on Linux 6.18.34 (amd64)
[11:46:39] [ServerMain/INFO]: [bootstrap] Loading Paper 1.21.11-132-ver/1.21.11@c5eb079 (2026-05-11T11:43:09Z) for Minecraft 1.21.11
[11:46:39] [ServerMain/WARN]: [oshi.software.os.linux.LinuxOperatingSystem] Did not find udev library in operating system. Some features may not work.
[11:46:39] [ServerMain/INFO]: [PluginInitializerManager] Initializing plugins...
[11:46:39] [Paper Plugin Remapper Thread - 2/INFO]: [PluginRemapper] Remapping plugin 'plugins/KorshPlugin-1.0.0-SNAPSHOT.jar'...
[11:46:39] [Paper Plugin Remapper Thread - 2/INFO]: [PluginRemapper] Done remapping plugin 'plugins/KorshPlugin-1.0.0-SNAPSHOT.jar' in 258ms.
[11:46:39] [ServerMain/INFO]: [PluginInitializerManager] Initialized 1 plugin
[11:46:39] [ServerMain/INFO]: [PluginInitializerManager] Bukkit plugins (1):
 - KorshPlugin (1.0.0-SNAPSHOT)
[11:46:42] [ServerMain/INFO]: Environment: Environment[sessionHost=https://sessionserver.mojang.com, servicesHost=https://api.minecraftservices.com, profilesHost=https://api.mojang.com, name=PROD]
[11:46:43] [ServerMain/INFO]: Loaded 1470 recipes
[11:46:43] [ServerMain/INFO]: Loaded 1584 advancements
[11:46:43] [ServerMain/INFO]: [ca.spottedleaf.dataconverter.minecraft.datatypes.MCTypeRegistry] Initialising converters for DataConverter...
[11:46:43] [ServerMain/INFO]: [ca.spottedleaf.dataconverter.minecraft.datatypes.MCTypeRegistry] Finished initialising converters for DataConverter in 222.6ms
[11:46:43] [Server thread/INFO]: Starting minecraft server version 1.21.11
[11:46:43] [Server thread/INFO]: Loading properties
[11:46:43] [Server thread/INFO]: This server is running Paper version 1.21.11-132-ver/1.21.11@c5eb079 (2026-05-11T11:43:09Z) (Implementing API version 1.21.11-R0.1-SNAPSHOT)
[11:46:43] [Server thread/INFO]: [spark] This server bundles the spark profiler. For more information please visit https://docs.papermc.io/paper/profiling
[11:46:43] [Server thread/INFO]: Server Ping Player Sample Count: 12
[11:46:43] [Server thread/INFO]: Using 4 threads for Netty based IO
[11:46:44] [Server thread/INFO]: [MoonriseCommon] Paper is using 3 worker threads, 1 I/O threads
[11:46:44] [Server thread/INFO]: Default game type: SURVIVAL
[11:46:44] [Server thread/INFO]: Generating keypair
[11:46:44] [Server thread/INFO]: Starting Minecraft server on *:25565
[11:46:44] [Server thread/INFO]: Paper: Using libdeflate (Linux x86_64) compression from Velocity.
[11:46:44] [Server thread/INFO]: Paper: Using Java cipher from Velocity.
[11:46:44] [Server thread/INFO]: [KorshPlugin] Loading server plugin KorshPlugin v1.0.0-SNAPSHOT
[11:46:44] [Server thread/INFO]: Server permissions file permissions.yml is empty, ignoring it
[11:46:44] [Server thread/WARN]: **** SERVER IS RUNNING IN OFFLINE/INSECURE MODE!
[11:46:44] [Server thread/WARN]: The server will make no attempt to authenticate usernames. Beware.
[11:46:44] [Server thread/WARN]: While this makes the game possible to play without internet access, it also opens up the ability for hackers to connect with any username they choose.
[11:46:44] [Server thread/WARN]: To change this, set "online-mode" to "true" in the server.properties file.
[11:46:44] [Server thread/INFO]: Preparing level "world"
[11:46:44] [Server thread/INFO]: Loading 0 persistent chunks for world 'minecraft:overworld'...
[11:46:44] [Server thread/INFO]: Prepared spawn area in 0 ms
[11:46:44] [Server thread/INFO]: Loading 0 persistent chunks for world 'minecraft:the_nether'...
[11:46:44] [Server thread/INFO]: Preparing spawn area: 100%
[11:46:44] [Server thread/INFO]: Prepared spawn area in 1 ms
[11:46:44] [Server thread/INFO]: Loading 0 persistent chunks for world 'minecraft:the_end'...
[11:46:44] [Server thread/INFO]: Prepared spawn area in 0 ms
[11:46:44] [Server thread/INFO]: Done preparing level "world" (0.271s)
[11:46:44] [Server thread/INFO]: [KorshPlugin] Enabling KorshPlugin v1.0.0-SNAPSHOT
[11:46:44] [Server thread/WARN]: [KorshPlugin] KorshPlugin has been enabled!
[11:46:44] [Server thread/INFO]: [spark] Starting background profiler...
[11:46:44] [Server thread/INFO]: Running delayed init tasks
[11:46:44] [Server thread/INFO]: Done (6.119s)! For help, type "help"
[11:46:45] [Paper Async Task Handler Thread - 1/WARN]: *************************************************************************************
[11:46:45] [Paper Async Task Handler Thread - 1/WARN]: You are running the latest build for your Minecraft version (1.21.11)
[11:46:45] [Paper Async Task Handler Thread - 1/WARN]: However, you are 2 release(s) behind the latest stable release (26.1.2)!
[11:46:45] [Paper Async Task Handler Thread - 1/WARN]: It is recommended that you update as soon as possible
[11:46:45] [Paper Async Task Handler Thread - 1/WARN]: https://papermc.io/downloads/paper
[11:46:45] [Paper Async Task Handler Thread - 1/WARN]: *************************************************************************************
[11:47:33] [Server thread/INFO]: Это команда предназначена для игрока
[11:47:45] [User Authenticator #0/INFO]: UUID of player fanzi03 is 0fb035e6-2253-30a4-a070-7d7a139b8a32
[11:47:46] [Server thread/INFO]: fanzi03 joined the game
[11:47:46] [Server thread/INFO]: fanzi03[/127.0.0.1:37828] logged in with entity id 62 at ([world]69.69999998807907, 63.0, -44.69999998807907)
[11:47:56] [Server thread/INFO]: fanzi03 issued server command: /cds
[11:48:07] [Server thread/INFO]: fanzi03 lost connection: Disconnected
[11:48:07] [Server thread/INFO]: fanzi03 left the game
[11:49:39] [Server thread/INFO]: Stopping the server
[11:49:39] [Server thread/INFO]: Stopping server
[11:49:39] [Server thread/INFO]: [KorshPlugin] Disabling KorshPlugin v1.0.0-SNAPSHOT
[11:49:39] [Server thread/WARN]: [KorshPlugin] KorshPlugin has been disabled!
[11:49:39] [Server thread/INFO]: Saving players
[11:49:39] [Server thread/INFO]: Saving worlds
[11:49:39] [Server thread/INFO]: Saving chunks for level 'ServerLevel[world]'/minecraft:overworld
[11:49:39] [Server thread/INFO]: [ChunkHolderManager] Waiting 60s for chunk system to halt for world 'world'
[11:49:39] [Server thread/INFO]: [ChunkHolderManager] Halted chunk system for world 'world'
[11:49:39] [Server thread/INFO]: [ChunkHolderManager] Saving all chunkholders for world 'world'
[11:49:39] [Server thread/INFO]: [ChunkHolderManager] Saved 0 block chunks, 0 entity chunks, 0 poi chunks in world 'world' in 0.00s
[11:49:39] [Server thread/INFO]: [ChunkHolderManager] Waiting 60s for chunk I/O to halt for world 'world'
[11:49:39] [Server thread/INFO]: [ChunkHolderManager] Halted I/O scheduler for world 'world'
[11:49:39] [Server thread/INFO]: Saving chunks for level 'ServerLevel[world_nether]'/minecraft:the_nether
[11:49:39] [Server thread/INFO]: [ChunkHolderManager] Waiting 60s for chunk system to halt for world 'world_nether'
[11:49:39] [Server thread/INFO]: [ChunkHolderManager] Halted chunk system for world 'world_nether'
[11:49:39] [Server thread/INFO]: [ChunkHolderManager] Saving all chunkholders for world 'world_nether'
[11:49:39] [Server thread/INFO]: [ChunkHolderManager] Saved 0 block chunks, 0 entity chunks, 0 poi chunks in world 'world_nether' in 0.00s
[11:49:39] [Server thread/INFO]: [ChunkHolderManager] Waiting 60s for chunk I/O to halt for world 'world_nether'
[11:49:39] [Server thread/INFO]: [ChunkHolderManager] Halted I/O scheduler for world 'world_nether'
[11:49:39] [Server thread/INFO]: Saving chunks for level 'ServerLevel[world_the_end]'/minecraft:the_end
[11:49:39] [Server thread/INFO]: [ChunkHolderManager] Waiting 60s for chunk system to halt for world 'world_the_end'
[11:49:39] [Server thread/INFO]: [ChunkHolderManager] Halted chunk system for world 'world_the_end'
[11:49:39] [Server thread/INFO]: [ChunkHolderManager] Saving all chunkholders for world 'world_the_end'
[11:49:39] [Server thread/INFO]: [ChunkHolderManager] Saved 0 block chunks, 0 entity chunks, 0 poi chunks in world 'world_the_end' in 0.00s
[11:49:39] [Server thread/INFO]: [ChunkHolderManager] Waiting 60s for chunk I/O to halt for world 'world_the_end'
[11:49:39] [Server thread/INFO]: [ChunkHolderManager] Halted I/O scheduler for world 'world_the_end'
[11:49:39] [Server thread/INFO]: ThreadedAnvilChunkStorage (world): All chunks are saved
[11:49:39] [Server thread/INFO]: ThreadedAnvilChunkStorage (DIM-1): All chunks are saved
[11:49:39] [Server thread/INFO]: ThreadedAnvilChunkStorage (DIM1): All chunks are saved
[11:49:39] [Server thread/INFO]: ThreadedAnvilChunkStorage: All dimensions are saved
[11:49:39] [Server thread/INFO]: Waiting for all RegionFile I/O tasks to complete...
[11:49:39] [Server thread/INFO]: All RegionFile I/O tasks to complete
[11:49:39] [Server thread/INFO]: [MoonriseCommon] Awaiting termination of worker pool for up to 60s...
[11:49:39] [Server thread/INFO]: [MoonriseCommon] Awaiting termination of I/O pool for up to 60s...
